[2024-07-17 15:10:30,419][root][DEBUG] - /home/nanoz-admin/Documents/algoz_iheb/algoz-project/config/config.yaml copied into dev/20240717151030/io.json.
[2024-07-17 15:10:30,419][root][DEBUG] - Device assigned: cpu
[2024-07-17 15:10:30,419][root][INFO] - Algoz version 2.21.1
[2024-07-17 15:10:30,419][root][INFO] - Execution started at 2024-07-17 15:10:30
[2024-07-17 15:10:30,419][root][INFO] - Results directory created at: dev/20240717151030
[2024-07-17 15:10:30,419][root][INFO] - Mode: train
[2024-07-17 15:10:30,419][root][INFO] - Training dataset: [{'data': ['EtOH_DB_V3_2_random.csv']}]
[2024-07-17 15:10:30,419][root][INFO] - Validation dataset: [{'data': 'EtOH_DB_V3_2_random.csv'}]
[2024-07-17 15:10:30,419][root][INFO] - Algorithm: NNR
[2024-07-17 15:10:30,420][root][INFO] - Module: CNN1D
[2024-07-17 15:10:30,420][root][INFO] - Device: cpu
[2024-07-17 15:10:30,420][root][INFO] - Execution time of initialization: 0:00:00.002865

[2024-07-17 15:10:30,420][root][DEBUG] - Creating Untrain_classficationfoldRegressionDataset with {'config_data': {'data_paths_test': [{'data': 'EtOH_DB_V3_2_random.csv'}], 'chips_test': ['UUT1'], 'gases_test': ['FinalConcEtOH'], 'minibatch_size_test': 16, 'minibatch_step_test': 1, 'pre_processing_test': [{'name': 'SkipData', 'percentage': 0}, {'name': 'LimitOfDetection', 'gases': ['FinalConcEtOH'], 'lod': [0.5]}], 'transform_train': {'x': [{'name': 'Transpose'}]}, 'module': None, 'criterion': 'MSELoss', 'optimizer': 'Adam', 'lr': 1e-06, 'max_epochs': 3, 'batch_size': 32, 'iterator_train': 'DataLoader', 'iterator_valid': 'DataLoader', 'dataset': 'Dataset', 'train_split': {'predefined_split': {'dataset': 'test'}}, 'iterator_train__shuffle': True, 'iterator_valid__shuffle': False, 'callbacks': {'Checkpoint': {'monitor': 'valid_loss_best', 'f_params': 'model_{last_epoch[epoch]}.pt', 'f_optimizer': 'optimizer.pt', 'f_criterion': 'criterion.pt', 'f_history': 'history.json', 'f_pickle': None, 'fn_prefix': '', 'dirname': 'checkpoint', 'load_best': True, 'event_name': 'event_cp'}, 'LogBestEpoch': {}, 'ComparisonTensorBoard': {'logdir': 'tensorboard_logs', 'comparison_list': ['loss']}}, 'predict_nonlinearity': 'auto', 'warm_start': False, 'verbose': 1, 'device': 'cpu', 'data_paths_train': [{'data': ['EtOH_DB_V3_2_random.csv']}], 'chips_train': ['UUT1', 'UUT2'], 'gases_train': ['FinalConcEtOH'], 'minibatch_size_train': 16, 'minibatch_step_train': 1, 'pre_processing_train': [{'name': 'SkipData', 'percentage': 0}, {'name': 'LimitOfDetection', 'gases': ['FinalConcEtOH'], 'lod': [0.5]}], 'input_dim': [4, 16], 'conv_map': [8, 64], 'conv_kernel': 3, 'pool_kernel': 2, 'mlp_hidden_dims': [100, 50], 'output_dim': 1, 'use_softmax': False, 'conv_norm': 'batch', 'pp_conv_norm': 'instance', 'mlp_norm': 'batch'}, 'device': 'cpu'}
[2024-07-17 15:10:30,420][root][DEBUG] - 
[2024-07-17 15:10:30,421][root][DEBUG] - Loading data from {'data': ['EtOH_DB_V3_2_random.csv']}.
[2024-07-17 15:10:30,447][root][DEBUG] - Shape of the dataframe (6834, 19).
[2024-07-17 15:10:30,478][root][DEBUG] - 
       Unnamed: 0.1    Unnamed: 0  Temperature  Humidity Sensor     UUT1_I_S1  \
count  6.834000e+03  6.834000e+03  6834.000000      6834.000000  6.834000e+03   
mean   1.452916e+06  1.452916e+06    24.999144        39.996522  1.036091e-07   
std    1.972950e+03  1.972950e+03     0.015156         0.018007  1.172804e-07   
min    1.449499e+06  1.449499e+06    24.970000        39.944176  3.166667e-09   
25%    1.451207e+06  1.451207e+06    24.990000        39.986153  1.279427e-08   
50%    1.452916e+06  1.452916e+06    25.000000        39.994545  4.977734e-08   
75%    1.454624e+06  1.454624e+06    25.010000        40.007141  1.734030e-07   
max    1.456332e+06  1.456332e+06    25.050000        40.036522  4.467813e-07   

          UUT1_I_S2     UUT1_I_S3     UUT1_I_S4     UUT2_I_S1     UUT2_I_S2  \
count  6.834000e+03  6.834000e+03  6.834000e+03  6.834000e+03  6.834000e+03   
mean   1.865356e-07  9.418827e-08  3.495670e-08  7.699630e-08  1.542845e-07   
std    2.287594e-07  1.173656e-07  4.557441e-08  9.399988e-08  2.005715e-07   
min   -3.463542e-10  1.929687e-09 -2.585938e-09 -3.585938e-09 -7.734375e-09   
25%    1.443034e-08  8.380208e-09  9.088542e-10  4.154297e-09  4.357422e-09   
50%    7.819922e-08  3.839844e-08  1.359375e-08  3.367318e-08  5.906901e-08   
75%    3.089915e-07  1.468503e-07  5.776237e-08  1.324499e-07  2.576309e-07   
max    8.743073e-07  4.586849e-07  1.737969e-07  3.511016e-07  7.622943e-07   

          UUT2_I_S3     UUT2_I_S4     UUT3_I_S1     UUT3_I_S2     UUT3_I_S3  \
count  6.834000e+03  6.834000e+03  6.834000e+03  6.834000e+03  6.834000e+03   
mean   8.474288e-08  3.481420e-08  1.061883e-07  1.944205e-07  8.930450e-08   
std    1.007776e-07  4.561453e-08  1.229767e-07  2.467093e-07  1.204432e-07   
min    6.492187e-09 -3.427083e-09  1.096354e-09 -6.052083e-09 -4.942708e-09   
25%    1.168815e-08  5.397135e-10  1.126172e-08  9.291667e-09  1.448568e-09   
50%    3.686328e-08  1.390885e-08  4.974740e-08  7.715755e-08  3.219401e-08   
75%    1.276608e-07  5.728451e-08  1.792956e-07  3.192923e-07  1.425814e-07   
max    4.008854e-07  1.724870e-07  4.663047e-07  9.440625e-07  4.636823e-07   

          UUT3_I_S4  FinalConcAcetone  FinalConcCO  FinalConcEtOH  
count  6.834000e+03       6834.000000  6834.000000    6834.000000  
mean   2.843556e-08          5.027788     5.028737      98.700217  
std    4.425454e-08          2.913898     2.881982      58.569664  
min   -7.531250e-09          0.000105     0.000041       0.000000  
25%   -4.378906e-09          2.461317     2.566616      47.840340  
50%    7.622396e-09          5.065963     4.993201      97.649887  
75%    5.000391e-08          7.570300     7.498280     148.931819  
max    1.640313e-07          9.999391     9.999926     199.995192  
[2024-07-17 15:10:30,478][root][DEBUG] - Data skip percentage is zero. No rows will be skipped.
[2024-07-17 15:10:30,478][root][DEBUG] - LOD applied to gases: ['FinalConcEtOH'] with [0.5].
[2024-07-17 15:10:30,479][root][DEBUG] - Shape of the dataframe after pre-processing: (6834, 19).
[2024-07-17 15:10:30,480][root][DEBUG] - Shape of the full dataframe: (6834, 19).
[2024-07-17 15:10:30,480][root][DEBUG] - Size of the available index: torch.Size([13636]).
[2024-07-17 15:10:30,481][root][DEBUG] - Get index for ['FinalConcEtOH'] in ['Unnamed: 0.1', 'Unnamed: 0', 'Temperature', 'Humidity Sensor', 'UUT1_I_S1', 'UUT1_I_S2', 'UUT1_I_S3', 'UUT1_I_S4', 'UUT2_I_S1', 'UUT2_I_S2', 'UUT2_I_S3', 'UUT2_I_S4', 'UUT3_I_S1', 'UUT3_I_S2', 'UUT3_I_S3', 'UUT3_I_S4', 'FinalConcAcetone', 'FinalConcCO', 'FinalConcEtOH']
[2024-07-17 15:10:30,481][root][DEBUG] - Index found: [18]
[2024-07-17 15:10:30,481][root][DEBUG] - Extend data from chip UUT1.
[2024-07-17 15:10:30,481][root][DEBUG] - Get index for ['UUT1'] in ['Unnamed: 0.1', 'Unnamed: 0', 'Temperature', 'Humidity Sensor', 'UUT1_I_S1', 'UUT1_I_S2', 'UUT1_I_S3', 'UUT1_I_S4', 'UUT2_I_S1', 'UUT2_I_S2', 'UUT2_I_S3', 'UUT2_I_S4', 'UUT3_I_S1', 'UUT3_I_S2', 'UUT3_I_S3', 'UUT3_I_S4', 'FinalConcAcetone', 'FinalConcCO', 'FinalConcEtOH']
[2024-07-17 15:10:30,481][root][DEBUG] - Index found: [4, 5, 6, 7]
[2024-07-17 15:10:30,484][root][DEBUG] - Extend data from chip UUT2.
[2024-07-17 15:10:30,484][root][DEBUG] - Get index for ['UUT2'] in ['Unnamed: 0.1', 'Unnamed: 0', 'Temperature', 'Humidity Sensor', 'UUT1_I_S1', 'UUT1_I_S2', 'UUT1_I_S3', 'UUT1_I_S4', 'UUT2_I_S1', 'UUT2_I_S2', 'UUT2_I_S3', 'UUT2_I_S4', 'UUT3_I_S1', 'UUT3_I_S2', 'UUT3_I_S3', 'UUT3_I_S4', 'FinalConcAcetone', 'FinalConcCO', 'FinalConcEtOH']
[2024-07-17 15:10:30,484][root][DEBUG] - Index found: [8, 9, 10, 11]
[2024-07-17 15:10:30,498][root][DEBUG] - Size of features: torch.Size([13668, 4]).
[2024-07-17 15:10:30,508][root][DEBUG] - Size of labels: torch.Size([13668, 1]).
[2024-07-17 15:10:30,508][root][DEBUG] - Creating Untrain_classficationfoldRegressionDataset with {'config_data': {'data_paths_test': [{'data': 'EtOH_DB_V3_2_random.csv'}], 'chips_test': ['UUT1'], 'gases_test': ['FinalConcEtOH'], 'minibatch_size_test': 16, 'minibatch_step_test': 1, 'pre_processing_test': [{'name': 'SkipData', 'percentage': 0}, {'name': 'LimitOfDetection', 'gases': ['FinalConcEtOH'], 'lod': [0.5]}], 'transform_train': {'x': [{'name': 'Transpose'}]}, 'module': None, 'criterion': 'MSELoss', 'optimizer': 'Adam', 'lr': 1e-06, 'max_epochs': 3, 'batch_size': 32, 'iterator_train': 'DataLoader', 'iterator_valid': 'DataLoader', 'dataset': 'Dataset', 'train_split': {'predefined_split': {'dataset': 'test'}}, 'iterator_train__shuffle': True, 'iterator_valid__shuffle': False, 'callbacks': {'Checkpoint': {'monitor': 'valid_loss_best', 'f_params': 'model_{last_epoch[epoch]}.pt', 'f_optimizer': 'optimizer.pt', 'f_criterion': 'criterion.pt', 'f_history': 'history.json', 'f_pickle': None, 'fn_prefix': '', 'dirname': 'checkpoint', 'load_best': True, 'event_name': 'event_cp'}, 'LogBestEpoch': {}, 'ComparisonTensorBoard': {'logdir': 'tensorboard_logs', 'comparison_list': ['loss']}}, 'predict_nonlinearity': 'auto', 'warm_start': False, 'verbose': 1, 'device': 'cpu', 'data_paths_train': [{'data': ['EtOH_DB_V3_2_random.csv']}], 'chips_train': ['UUT1', 'UUT2'], 'gases_train': ['FinalConcEtOH'], 'minibatch_size_train': 16, 'minibatch_step_train': 1, 'pre_processing_train': [{'name': 'SkipData', 'percentage': 0}, {'name': 'LimitOfDetection', 'gases': ['FinalConcEtOH'], 'lod': [0.5]}], 'input_dim': [4, 16], 'conv_map': [8, 64], 'conv_kernel': 3, 'pool_kernel': 2, 'mlp_hidden_dims': [100, 50], 'output_dim': 1, 'use_softmax': False, 'conv_norm': 'batch', 'pp_conv_norm': 'instance', 'mlp_norm': 'batch'}, 'device': 'cpu'}
[2024-07-17 15:10:30,508][root][DEBUG] - 
[2024-07-17 15:10:30,508][root][DEBUG] - Loading data from {'data': ['EtOH_DB_V3_2_random.csv']}.
[2024-07-17 15:10:30,531][root][DEBUG] - Shape of the dataframe (6834, 19).
[2024-07-17 15:10:30,561][root][DEBUG] - 
       Unnamed: 0.1    Unnamed: 0  Temperature  Humidity Sensor     UUT1_I_S1  \
count  6.834000e+03  6.834000e+03  6834.000000      6834.000000  6.834000e+03   
mean   1.452916e+06  1.452916e+06    24.999144        39.996522  1.036091e-07   
std    1.972950e+03  1.972950e+03     0.015156         0.018007  1.172804e-07   
min    1.449499e+06  1.449499e+06    24.970000        39.944176  3.166667e-09   
25%    1.451207e+06  1.451207e+06    24.990000        39.986153  1.279427e-08   
50%    1.452916e+06  1.452916e+06    25.000000        39.994545  4.977734e-08   
75%    1.454624e+06  1.454624e+06    25.010000        40.007141  1.734030e-07   
max    1.456332e+06  1.456332e+06    25.050000        40.036522  4.467813e-07   

          UUT1_I_S2     UUT1_I_S3     UUT1_I_S4     UUT2_I_S1     UUT2_I_S2  \
count  6.834000e+03  6.834000e+03  6.834000e+03  6.834000e+03  6.834000e+03   
mean   1.865356e-07  9.418827e-08  3.495670e-08  7.699630e-08  1.542845e-07   
std    2.287594e-07  1.173656e-07  4.557441e-08  9.399988e-08  2.005715e-07   
min   -3.463542e-10  1.929687e-09 -2.585938e-09 -3.585938e-09 -7.734375e-09   
25%    1.443034e-08  8.380208e-09  9.088542e-10  4.154297e-09  4.357422e-09   
50%    7.819922e-08  3.839844e-08  1.359375e-08  3.367318e-08  5.906901e-08   
75%    3.089915e-07  1.468503e-07  5.776237e-08  1.324499e-07  2.576309e-07   
max    8.743073e-07  4.586849e-07  1.737969e-07  3.511016e-07  7.622943e-07   

          UUT2_I_S3     UUT2_I_S4     UUT3_I_S1     UUT3_I_S2     UUT3_I_S3  \
count  6.834000e+03  6.834000e+03  6.834000e+03  6.834000e+03  6.834000e+03   
mean   8.474288e-08  3.481420e-08  1.061883e-07  1.944205e-07  8.930450e-08   
std    1.007776e-07  4.561453e-08  1.229767e-07  2.467093e-07  1.204432e-07   
min    6.492187e-09 -3.427083e-09  1.096354e-09 -6.052083e-09 -4.942708e-09   
25%    1.168815e-08  5.397135e-10  1.126172e-08  9.291667e-09  1.448568e-09   
50%    3.686328e-08  1.390885e-08  4.974740e-08  7.715755e-08  3.219401e-08   
75%    1.276608e-07  5.728451e-08  1.792956e-07  3.192923e-07  1.425814e-07   
max    4.008854e-07  1.724870e-07  4.663047e-07  9.440625e-07  4.636823e-07   

          UUT3_I_S4  FinalConcAcetone  FinalConcCO  FinalConcEtOH  
count  6.834000e+03       6834.000000  6834.000000    6834.000000  
mean   2.843556e-08          5.027788     5.028737      98.700217  
std    4.425454e-08          2.913898     2.881982      58.569664  
min   -7.531250e-09          0.000105     0.000041       0.000000  
25%   -4.378906e-09          2.461317     2.566616      47.840340  
50%    7.622396e-09          5.065963     4.993201      97.649887  
75%    5.000391e-08          7.570300     7.498280     148.931819  
max    1.640313e-07          9.999391     9.999926     199.995192  
[2024-07-17 15:10:30,561][root][DEBUG] - Data skip percentage is zero. No rows will be skipped.
[2024-07-17 15:10:30,562][root][DEBUG] - LOD applied to gases: ['FinalConcEtOH'] with [0.5].
[2024-07-17 15:10:30,563][root][DEBUG] - Shape of the dataframe after pre-processing: (6834, 19).
[2024-07-17 15:10:30,563][root][DEBUG] - Shape of the full dataframe: (6834, 19).
[2024-07-17 15:10:30,564][root][DEBUG] - Size of the available index: torch.Size([13636]).
[2024-07-17 15:10:30,564][root][DEBUG] - Get index for ['FinalConcEtOH'] in ['Unnamed: 0.1', 'Unnamed: 0', 'Temperature', 'Humidity Sensor', 'UUT1_I_S1', 'UUT1_I_S2', 'UUT1_I_S3', 'UUT1_I_S4', 'UUT2_I_S1', 'UUT2_I_S2', 'UUT2_I_S3', 'UUT2_I_S4', 'UUT3_I_S1', 'UUT3_I_S2', 'UUT3_I_S3', 'UUT3_I_S4', 'FinalConcAcetone', 'FinalConcCO', 'FinalConcEtOH']
[2024-07-17 15:10:30,564][root][DEBUG] - Index found: [18]
[2024-07-17 15:10:30,564][root][DEBUG] - Extend data from chip UUT1.
[2024-07-17 15:10:30,564][root][DEBUG] - Get index for ['UUT1'] in ['Unnamed: 0.1', 'Unnamed: 0', 'Temperature', 'Humidity Sensor', 'UUT1_I_S1', 'UUT1_I_S2', 'UUT1_I_S3', 'UUT1_I_S4', 'UUT2_I_S1', 'UUT2_I_S2', 'UUT2_I_S3', 'UUT2_I_S4', 'UUT3_I_S1', 'UUT3_I_S2', 'UUT3_I_S3', 'UUT3_I_S4', 'FinalConcAcetone', 'FinalConcCO', 'FinalConcEtOH']
[2024-07-17 15:10:30,564][root][DEBUG] - Index found: [4, 5, 6, 7]
[2024-07-17 15:10:30,566][root][DEBUG] - Extend data from chip UUT2.
[2024-07-17 15:10:30,567][root][DEBUG] - Get index for ['UUT2'] in ['Unnamed: 0.1', 'Unnamed: 0', 'Temperature', 'Humidity Sensor', 'UUT1_I_S1', 'UUT1_I_S2', 'UUT1_I_S3', 'UUT1_I_S4', 'UUT2_I_S1', 'UUT2_I_S2', 'UUT2_I_S3', 'UUT2_I_S4', 'UUT3_I_S1', 'UUT3_I_S2', 'UUT3_I_S3', 'UUT3_I_S4', 'FinalConcAcetone', 'FinalConcCO', 'FinalConcEtOH']
[2024-07-17 15:10:30,567][root][DEBUG] - Index found: [8, 9, 10, 11]
[2024-07-17 15:10:30,581][root][DEBUG] - Size of features: torch.Size([13668, 4]).
[2024-07-17 15:10:30,590][root][DEBUG] - Size of labels: torch.Size([13668, 1]).
[2024-07-17 15:10:30,613][root][DEBUG] - Shuffled minibatch indices.
[2024-07-17 15:10:33,954][root][INFO] - Execution time of get_datasets: 0:00:03.534773

[2024-07-17 15:10:33,955][dagshub.auth.tokens][DEBUG] - Loading token cache from /home/nanoz-admin/.cache/dagshub/tokens
[2024-07-17 15:10:33,964][dagshub.auth.tokens][INFO] - Removed expired tokens from the token cache
[2024-07-17 15:10:33,964][dagshub.auth.tokens][DEBUG] - Dumping token cache to /home/nanoz-admin/.cache/dagshub/tokens
[2024-07-17 15:10:33,965][dagshub.auth.tokens][DEBUG] - No valid tokens found for host 'https://dagshub.com'. Authenticating with OAuth
[2024-07-17 15:10:41,862][httpx._client][DEBUG] - HTTP Request: POST https://dagshub.com/login/oauth/middleman "HTTP/1.1 200 OK"
[2024-07-17 15:10:42,062][httpx._client][DEBUG] - HTTP Request: POST https://dagshub.com/login/oauth/access_token "HTTP/1.1 200 OK"
[2024-07-17 15:10:42,063][dagshub.auth.oauth][DEBUG] - Got token: Dagshub OAuth token, valid until 2025-07-17 13:10:41+00:00
[2024-07-17 15:10:42,230][httpx._client][DEBUG] - HTTP Request: GET https://dagshub.com/api/v1/user "HTTP/1.1 200 OK"
[2024-07-17 15:10:42,230][dagshub.auth.tokens][DEBUG] - Dumping token cache to /home/nanoz-admin/.cache/dagshub/tokens
[2024-07-17 15:10:42,232][dagshub][INFO] - Accessing as ihebkesraoui00
[2024-07-17 15:10:42,457][httpx._client][DEBUG] - HTTP Request: GET https://dagshub.com/api/v1/repos/IhebKesraoui/algoz-project "HTTP/1.1 200 OK"
[2024-07-17 15:10:42,461][dagshub][INFO] - Initialized MLflow to track repo "IhebKesraoui/algoz-project"
[2024-07-17 15:10:42,462][dagshub][INFO] - Repository IhebKesraoui/algoz-project initialized!
[2024-07-17 15:10:42,503][urllib3.connectionpool][DEBUG] - Starting new HTTPS connection (1): dagshub.com:443
[2024-07-17 15:10:42,742][urllib3.connectionpool][DEBUG] - https://dagshub.com:443 "GET /IhebKesraoui/algoz-project.mlflow/api/2.0/mlflow/experiments/get-by-name?experiment_name=ALGOZ HTTP/1.1" 404 None
[2024-07-17 15:10:43,046][urllib3.connectionpool][DEBUG] - https://dagshub.com:443 "POST /IhebKesraoui/algoz-project.mlflow/api/2.0/mlflow/experiments/create HTTP/1.1" 403 None
