[2024-07-08 13:45:09,881][root][DEBUG] - /home/iheb/Documents/project/project_algoz_pfe/config/config.yaml copied into dev/20240708134509/io.json.
[2024-07-08 13:45:09,882][root][DEBUG] - Device assigned: cpu
[2024-07-08 13:45:09,882][root][INFO] - Algoz version 2.21.1
[2024-07-08 13:45:09,883][root][INFO] - Execution started at 2024-07-08 13:45:09
[2024-07-08 13:45:09,883][root][INFO] - Results directory created at: dev/20240708134509
[2024-07-08 13:45:09,884][root][INFO] - Mode: train
[2024-07-08 13:45:09,884][root][INFO] - Training dataset: [{'data': ['EtOH_DB_V3_2_9499.csv', 'EtOH_DB_V3_2_random.csv']}]
[2024-07-08 13:45:09,884][root][INFO] - Validation dataset: [{'data': 'EtOH_DB_V3_2_random.csv'}]
[2024-07-08 13:45:09,885][root][INFO] - Algorithm: NNR
[2024-07-08 13:45:09,885][root][INFO] - Module: CNN1D
[2024-07-08 13:45:09,885][root][INFO] - Device: cpu
[2024-07-08 13:45:09,885][root][INFO] - Execution time of initialization: 0:00:00.011763

[2024-07-08 13:45:09,886][root][DEBUG] - Creating UnfoldRegressionDataset with {'config_data': {'data_paths_test': [{'data': 'EtOH_DB_V3_2_random.csv'}], 'chips_test': ['UUT1'], 'gases_test': ['FinalConcEtOH'], 'minibatch_size_test': 16, 'minibatch_step_test': 1, 'pre_processing_test': [{'name': 'SkipData', 'percentage': 0}, {'name': 'LimitOfDetection', 'gases': ['FinalConcEtOH'], 'lod': [0.5]}], 'transform_train': {'x': [{'name': 'Transpose'}]}, 'module': None, 'criterion': 'MSELoss', 'optimizer': 'Adam', 'lr': 1e-06, 'max_epochs': 2, 'batch_size': 32, 'iterator_train': 'DataLoader', 'iterator_valid': 'DataLoader', 'dataset': 'Dataset', 'train_split': {'predefined_split': {'dataset': 'test'}}, 'iterator_train__shuffle': True, 'iterator_valid__shuffle': False, 'callbacks': {'Checkpoint': {'monitor': 'valid_loss_best', 'f_params': 'model_{last_epoch[epoch]}.pt', 'f_optimizer': 'optimizer.pt', 'f_criterion': 'criterion.pt', 'f_history': 'history.json', 'f_pickle': None, 'fn_prefix': '', 'dirname': 'checkpoint', 'load_best': True, 'event_name': 'event_cp'}, 'LogBestEpoch': {}, 'ComparisonTensorBoard': {'logdir': 'tensorboard_logs', 'comparison_list': ['loss']}}, 'predict_nonlinearity': 'auto', 'warm_start': False, 'verbose': 1, 'device': 'cpu', 'data_paths_train': [{'data': ['EtOH_DB_V3_2_9499.csv', 'EtOH_DB_V3_2_random.csv']}], 'chips_train': ['UUT1', 'UUT2'], 'gases_train': ['FinalConcEtOH'], 'minibatch_size_train': 16, 'minibatch_step_train': 1, 'pre_processing_train': [{'name': 'SkipData', 'percentage': 0}, {'name': 'LimitOfDetection', 'gases': ['FinalConcEtOH'], 'lod': [0.5]}], 'input_dim': [4, 16], 'conv_map': [8, 64], 'conv_kernel': 3, 'pool_kernel': 2, 'mlp_hidden_dims': [100, 50], 'output_dim': 1, 'use_softmax': False, 'conv_norm': 'batch', 'pp_conv_norm': 'instance', 'mlp_norm': 'batch'}, 'device': 'cpu'}
[2024-07-08 13:45:09,886][root][DEBUG] - pre_processing not found in config file.
[2024-07-08 13:45:09,886][root][DEBUG] - transform not found in config file.
[2024-07-08 13:45:09,888][root][DEBUG] - 
[2024-07-08 13:45:09,889][root][DEBUG] - Loading data from {'data': ['EtOH_DB_V3_2_9499.csv', 'EtOH_DB_V3_2_random.csv']}.
[2024-07-08 13:45:09,920][root][DEBUG] - Shape of the dataframe (9499, 19).
[2024-07-08 13:45:09,985][root][DEBUG] - 
       Unnamed: 0.1    Unnamed: 0  Temperature  Humidity Sensor     UUT1_I_S1  \
count  9.499000e+03  9.499000e+03  9499.000000      9499.000000  9.499000e+03   
mean   1.444749e+06  1.444749e+06    25.000523        40.024574  1.011276e-07   
std    2.742269e+03  2.742269e+03     0.012039         0.023221  1.149486e-07   
min    1.440000e+06  1.440000e+06    24.970000        39.965164  2.973958e-09   
25%    1.442374e+06  1.442374e+06    24.990000        40.007141  1.229036e-08   
50%    1.444749e+06  1.444749e+06    25.000000        40.028130  4.858594e-08   
75%    1.447124e+06  1.447124e+06    25.010000        40.040718  1.516875e-07   
max    1.449498e+06  1.449498e+06    25.030000        40.082695  4.409635e-07   

          UUT1_I_S2     UUT1_I_S3     UUT1_I_S4     UUT2_I_S1     UUT2_I_S2  \
count  9.499000e+03  9.499000e+03  9.499000e+03  9.499000e+03  9.499000e+03   
mean   1.830274e-07  9.327376e-08  3.426323e-08  7.479025e-08  1.511867e-07   
std    2.250477e-07  1.162084e-07  4.503214e-08  9.202183e-08  1.972818e-07   
min   -3.125000e-10  2.005208e-09 -2.763021e-09 -3.768229e-09 -7.828125e-09   
25%    1.378255e-08  8.449219e-09  6.757812e-10  3.695313e-09  3.966146e-09   
50%    7.614844e-08  3.627083e-08  1.303906e-08  3.247396e-08  5.677865e-08   
75%    2.707188e-07  1.360599e-07  5.189323e-08  1.159857e-07  2.269622e-07   
max    8.662865e-07  4.557578e-07  1.725599e-07  3.469219e-07  7.537526e-07   

          UUT2_I_S3     UUT2_I_S4     UUT3_I_S1     UUT3_I_S2     UUT3_I_S3  \
count  9.499000e+03  9.499000e+03  9.499000e+03  9.499000e+03  9.499000e+03   
mean   8.392457e-08  3.382406e-08  1.035819e-07  1.878249e-07  8.816123e-08   
std    9.975253e-08  4.480383e-08  1.202894e-07  2.395175e-07  1.191887e-07   
min    6.559896e-09 -3.656250e-09  1.039063e-09 -6.234375e-09 -4.986979e-09   
25%    1.174219e-08  2.682292e-10  1.081250e-08  8.494792e-09  1.393229e-09   
50%    3.438281e-08  1.276302e-08  4.856250e-08  7.385156e-08  2.929427e-08   
75%    1.204870e-07  5.234115e-08  1.562096e-07  2.836849e-07  1.329310e-07   
max    3.977057e-07  1.701615e-07  4.602422e-07  9.234349e-07  4.622969e-07   

          UUT3_I_S4  FinalConcAcetone  FinalConcCO  FinalConcEtOH  
count  9.499000e+03       9499.000000  9499.000000    9499.000000  
mean   2.788424e-08          7.560121     9.357608      22.884470  
std    4.374407e-08          0.907630     0.842661       1.809354  
min   -7.531250e-09          5.986627     8.221413      19.959396  
25%   -4.479167e-09          7.492557     8.255794      22.968914  
50%    7.020833e-09          7.501021     9.989201      23.001516  
75%    4.452214e-08          7.511189    10.004285      23.028864  
max    1.631693e-07          9.023724    10.036797      26.054622  
[2024-07-08 13:45:09,989][root][DEBUG] - Shape of the dataframe after pre-processing: (9499, 19).
[2024-07-08 13:45:10,009][root][DEBUG] - Shape of the dataframe (6834, 19).
[2024-07-08 13:45:10,068][root][DEBUG] - 
       Unnamed: 0.1    Unnamed: 0  Temperature  Humidity Sensor     UUT1_I_S1  \
count  6.834000e+03  6.834000e+03  6834.000000      6834.000000  6.834000e+03   
mean   1.452916e+06  1.452916e+06    24.999144        39.996522  1.036091e-07   
std    1.972950e+03  1.972950e+03     0.015156         0.018007  1.172804e-07   
min    1.449499e+06  1.449499e+06    24.970000        39.944176  3.166667e-09   
25%    1.451207e+06  1.451207e+06    24.990000        39.986153  1.279427e-08   
50%    1.452916e+06  1.452916e+06    25.000000        39.994545  4.977734e-08   
75%    1.454624e+06  1.454624e+06    25.010000        40.007141  1.734030e-07   
max    1.456332e+06  1.456332e+06    25.050000        40.036522  4.467813e-07   

          UUT1_I_S2     UUT1_I_S3     UUT1_I_S4     UUT2_I_S1     UUT2_I_S2  \
count  6.834000e+03  6.834000e+03  6.834000e+03  6.834000e+03  6.834000e+03   
mean   1.865356e-07  9.418827e-08  3.495670e-08  7.699630e-08  1.542845e-07   
std    2.287594e-07  1.173656e-07  4.557441e-08  9.399988e-08  2.005715e-07   
min   -3.463542e-10  1.929687e-09 -2.585938e-09 -3.585938e-09 -7.734375e-09   
25%    1.443034e-08  8.380208e-09  9.088542e-10  4.154297e-09  4.357422e-09   
50%    7.819922e-08  3.839844e-08  1.359375e-08  3.367318e-08  5.906901e-08   
75%    3.089915e-07  1.468503e-07  5.776237e-08  1.324499e-07  2.576309e-07   
max    8.743073e-07  4.586849e-07  1.737969e-07  3.511016e-07  7.622943e-07   

          UUT2_I_S3     UUT2_I_S4     UUT3_I_S1     UUT3_I_S2     UUT3_I_S3  \
count  6.834000e+03  6.834000e+03  6.834000e+03  6.834000e+03  6.834000e+03   
mean   8.474288e-08  3.481420e-08  1.061883e-07  1.944205e-07  8.930450e-08   
std    1.007776e-07  4.561453e-08  1.229767e-07  2.467093e-07  1.204432e-07   
min    6.492187e-09 -3.427083e-09  1.096354e-09 -6.052083e-09 -4.942708e-09   
25%    1.168815e-08  5.397135e-10  1.126172e-08  9.291667e-09  1.448568e-09   
50%    3.686328e-08  1.390885e-08  4.974740e-08  7.715755e-08  3.219401e-08   
75%    1.276608e-07  5.728451e-08  1.792956e-07  3.192923e-07  1.425814e-07   
max    4.008854e-07  1.724870e-07  4.663047e-07  9.440625e-07  4.636823e-07   

          UUT3_I_S4  FinalConcAcetone  FinalConcCO  FinalConcEtOH  
count  6.834000e+03       6834.000000  6834.000000    6834.000000  
mean   2.843556e-08          5.027788     5.028737      98.700217  
std    4.425454e-08          2.913898     2.881982      58.569664  
min   -7.531250e-09          0.000105     0.000041       0.000000  
25%   -4.378906e-09          2.461317     2.566616      47.840340  
50%    7.622396e-09          5.065963     4.993201      97.649887  
75%    5.000391e-08          7.570300     7.498280     148.931819  
max    1.640313e-07          9.999391     9.999926     199.995192  
[2024-07-08 13:45:10,071][root][DEBUG] - Shape of the dataframe after pre-processing: (6834, 19).
[2024-07-08 13:45:10,222][matplotlib.pyplot][DEBUG] - Loaded backend tkagg version 8.6.
