[2024-07-09 10:25:00,854][root][DEBUG] - /home/iheb/Documents/project/project_algoz_pfe/config/config.yaml copied into dev/20240709102500/io.json.
[2024-07-09 10:25:00,854][root][DEBUG] - Device assigned: cpu
[2024-07-09 10:25:00,855][root][INFO] - Algoz version 2.21.1
[2024-07-09 10:25:00,855][root][INFO] - Execution started at 2024-07-09 10:25:00
[2024-07-09 10:25:00,855][root][INFO] - Results directory created at: dev/20240709102500
[2024-07-09 10:25:00,855][root][INFO] - Mode: train
[2024-07-09 10:25:00,856][root][INFO] - Training dataset: [{'data': ['EtOH_DB_V3_2_9499.csv']}]
[2024-07-09 10:25:00,856][root][INFO] - Validation dataset: [{'data': 'EtOH_DB_V3_2_random.csv'}]
[2024-07-09 10:25:00,856][root][INFO] - Algorithm: NNR
[2024-07-09 10:25:00,856][root][INFO] - Module: CNN1D
[2024-07-09 10:25:00,857][root][INFO] - Device: cpu
[2024-07-09 10:25:00,857][root][INFO] - Execution time of initialization: 0:00:00.010651

[2024-07-09 10:25:00,857][root][DEBUG] - Creating UnfoldRegressionDataset with {'config_data': {'data_paths_test': [{'data': 'EtOH_DB_V3_2_random.csv'}], 'chips_test': ['UUT1'], 'gases_test': ['FinalConcEtOH'], 'minibatch_size_test': 16, 'minibatch_step_test': 1, 'pre_processing_test': [{'name': 'SkipData', 'percentage': 0}, {'name': 'LimitOfDetection', 'gases': ['FinalConcEtOH'], 'lod': [0.5]}], 'transform_train': {'x': [{'name': 'Transpose'}]}, 'module': None, 'criterion': 'MSELoss', 'optimizer': 'Adam', 'lr': 1e-06, 'max_epochs': 2, 'batch_size': 32, 'iterator_train': 'DataLoader', 'iterator_valid': 'DataLoader', 'dataset': 'Dataset', 'train_split': {'predefined_split': {'dataset': 'test'}}, 'iterator_train__shuffle': True, 'iterator_valid__shuffle': False, 'callbacks': {'Checkpoint': {'monitor': 'valid_loss_best', 'f_params': 'model_{last_epoch[epoch]}.pt', 'f_optimizer': 'optimizer.pt', 'f_criterion': 'criterion.pt', 'f_history': 'history.json', 'f_pickle': None, 'fn_prefix': '', 'dirname': 'checkpoint', 'load_best': True, 'event_name': 'event_cp'}, 'LogBestEpoch': {}, 'ComparisonTensorBoard': {'logdir': 'tensorboard_logs', 'comparison_list': ['loss']}}, 'predict_nonlinearity': 'auto', 'warm_start': False, 'verbose': 1, 'device': 'cpu', 'data_paths_train': [{'data': ['EtOH_DB_V3_2_9499.csv']}], 'chips_train': ['UUT1', 'UUT2'], 'gases_train': ['FinalConcEtOH'], 'minibatch_size_train': 16, 'minibatch_step_train': 1, 'pre_processing_train': [{'name': 'SkipData', 'percentage': 0}, {'name': 'LimitOfDetection', 'gases': ['FinalConcEtOH'], 'lod': [0.5]}], 'input_dim': [4, 16], 'conv_map': [8, 64], 'conv_kernel': 3, 'pool_kernel': 2, 'mlp_hidden_dims': [100, 50], 'output_dim': 1, 'use_softmax': False, 'conv_norm': 'batch', 'pp_conv_norm': 'instance', 'mlp_norm': 'batch'}, 'device': 'cpu'}
[2024-07-09 10:25:00,859][root][DEBUG] - 
[2024-07-09 10:25:00,860][root][DEBUG] - Loading data from {'data': ['EtOH_DB_V3_2_9499.csv']}.
[2024-07-09 10:25:00,891][root][DEBUG] - Shape of the dataframe (9499, 19).
[2024-07-09 10:25:00,961][root][DEBUG] - 
       Unnamed: 0.1    Unnamed: 0  Temperature  Humidity Sensor     UUT1_I_S1  \
count  9.499000e+03  9.499000e+03  9499.000000      9499.000000  9.499000e+03   
mean   1.444749e+06  1.444749e+06    25.000523        40.024574  1.011276e-07   
std    2.742269e+03  2.742269e+03     0.012039         0.023221  1.149486e-07   
min    1.440000e+06  1.440000e+06    24.970000        39.965164  2.973958e-09   
25%    1.442374e+06  1.442374e+06    24.990000        40.007141  1.229036e-08   
50%    1.444749e+06  1.444749e+06    25.000000        40.028130  4.858594e-08   
75%    1.447124e+06  1.447124e+06    25.010000        40.040718  1.516875e-07   
max    1.449498e+06  1.449498e+06    25.030000        40.082695  4.409635e-07   

          UUT1_I_S2     UUT1_I_S3     UUT1_I_S4     UUT2_I_S1     UUT2_I_S2  \
count  9.499000e+03  9.499000e+03  9.499000e+03  9.499000e+03  9.499000e+03   
mean   1.830274e-07  9.327376e-08  3.426323e-08  7.479025e-08  1.511867e-07   
std    2.250477e-07  1.162084e-07  4.503214e-08  9.202183e-08  1.972818e-07   
min   -3.125000e-10  2.005208e-09 -2.763021e-09 -3.768229e-09 -7.828125e-09   
25%    1.378255e-08  8.449219e-09  6.757812e-10  3.695313e-09  3.966146e-09   
50%    7.614844e-08  3.627083e-08  1.303906e-08  3.247396e-08  5.677865e-08   
75%    2.707188e-07  1.360599e-07  5.189323e-08  1.159857e-07  2.269622e-07   
max    8.662865e-07  4.557578e-07  1.725599e-07  3.469219e-07  7.537526e-07   

          UUT2_I_S3     UUT2_I_S4     UUT3_I_S1     UUT3_I_S2     UUT3_I_S3  \
count  9.499000e+03  9.499000e+03  9.499000e+03  9.499000e+03  9.499000e+03   
mean   8.392457e-08  3.382406e-08  1.035819e-07  1.878249e-07  8.816123e-08   
std    9.975253e-08  4.480383e-08  1.202894e-07  2.395175e-07  1.191887e-07   
min    6.559896e-09 -3.656250e-09  1.039063e-09 -6.234375e-09 -4.986979e-09   
25%    1.174219e-08  2.682292e-10  1.081250e-08  8.494792e-09  1.393229e-09   
50%    3.438281e-08  1.276302e-08  4.856250e-08  7.385156e-08  2.929427e-08   
75%    1.204870e-07  5.234115e-08  1.562096e-07  2.836849e-07  1.329310e-07   
max    3.977057e-07  1.701615e-07  4.602422e-07  9.234349e-07  4.622969e-07   

          UUT3_I_S4  FinalConcAcetone  FinalConcCO  FinalConcEtOH  
count  9.499000e+03       9499.000000  9499.000000    9499.000000  
mean   2.788424e-08          7.560121     9.357608      22.884470  
std    4.374407e-08          0.907630     0.842661       1.809354  
min   -7.531250e-09          5.986627     8.221413      19.959396  
25%   -4.479167e-09          7.492557     8.255794      22.968914  
50%    7.020833e-09          7.501021     9.989201      23.001516  
75%    4.452214e-08          7.511189    10.004285      23.028864  
max    1.631693e-07          9.023724    10.036797      26.054622  
[2024-07-09 10:25:00,961][root][DEBUG] - Data skip percentage is zero. No rows will be skipped.
[2024-07-09 10:25:00,963][root][DEBUG] - LOD applied to gases: ['FinalConcEtOH'] with [0.5].
[2024-07-09 10:25:00,966][root][DEBUG] - Shape of the dataframe after pre-processing: (9499, 19).
[2024-07-09 10:25:00,967][root][DEBUG] - Shape of the full dataframe: (9499, 19).
[2024-07-09 10:25:00,969][root][DEBUG] - Size of the available index: torch.Size([18966]).
[2024-07-09 10:25:00,969][root][DEBUG] - Get index for ['FinalConcEtOH'] in ['Unnamed: 0.1', 'Unnamed: 0', 'Temperature', 'Humidity Sensor', 'UUT1_I_S1', 'UUT1_I_S2', 'UUT1_I_S3', 'UUT1_I_S4', 'UUT2_I_S1', 'UUT2_I_S2', 'UUT2_I_S3', 'UUT2_I_S4', 'UUT3_I_S1', 'UUT3_I_S2', 'UUT3_I_S3', 'UUT3_I_S4', 'FinalConcAcetone', 'FinalConcCO', 'FinalConcEtOH']
[2024-07-09 10:25:00,969][root][DEBUG] - Index found: [18]
[2024-07-09 10:25:00,970][root][DEBUG] - Extend data from chip UUT1.
[2024-07-09 10:25:00,970][root][DEBUG] - Get index for ['UUT1'] in ['Unnamed: 0.1', 'Unnamed: 0', 'Temperature', 'Humidity Sensor', 'UUT1_I_S1', 'UUT1_I_S2', 'UUT1_I_S3', 'UUT1_I_S4', 'UUT2_I_S1', 'UUT2_I_S2', 'UUT2_I_S3', 'UUT2_I_S4', 'UUT3_I_S1', 'UUT3_I_S2', 'UUT3_I_S3', 'UUT3_I_S4', 'FinalConcAcetone', 'FinalConcCO', 'FinalConcEtOH']
[2024-07-09 10:25:00,970][root][DEBUG] - Index found: [4, 5, 6, 7]
[2024-07-09 10:25:00,973][root][DEBUG] - Extend data from chip UUT2.
[2024-07-09 10:25:00,973][root][DEBUG] - Get index for ['UUT2'] in ['Unnamed: 0.1', 'Unnamed: 0', 'Temperature', 'Humidity Sensor', 'UUT1_I_S1', 'UUT1_I_S2', 'UUT1_I_S3', 'UUT1_I_S4', 'UUT2_I_S1', 'UUT2_I_S2', 'UUT2_I_S3', 'UUT2_I_S4', 'UUT3_I_S1', 'UUT3_I_S2', 'UUT3_I_S3', 'UUT3_I_S4', 'FinalConcAcetone', 'FinalConcCO', 'FinalConcEtOH']
[2024-07-09 10:25:00,973][root][DEBUG] - Index found: [8, 9, 10, 11]
[2024-07-09 10:25:00,998][root][DEBUG] - Size of features: torch.Size([18998, 4]).
[2024-07-09 10:25:01,013][root][DEBUG] - Size of labels: torch.Size([18998, 1]).
[2024-07-09 10:25:01,013][root][DEBUG] - Creating UnfoldRegressionDataset with {'config_data': {'data_paths_test': [{'data': 'EtOH_DB_V3_2_random.csv'}], 'chips_test': ['UUT1'], 'gases_test': ['FinalConcEtOH'], 'minibatch_size_test': 16, 'minibatch_step_test': 1, 'pre_processing_test': [{'name': 'SkipData', 'percentage': 0}, {'name': 'LimitOfDetection', 'gases': ['FinalConcEtOH'], 'lod': [0.5]}], 'transform_train': {'x': [{'name': 'Transpose'}]}, 'module': None, 'criterion': 'MSELoss', 'optimizer': 'Adam', 'lr': 1e-06, 'max_epochs': 2, 'batch_size': 32, 'iterator_train': 'DataLoader', 'iterator_valid': 'DataLoader', 'dataset': 'Dataset', 'train_split': {'predefined_split': {'dataset': 'test'}}, 'iterator_train__shuffle': True, 'iterator_valid__shuffle': False, 'callbacks': {'Checkpoint': {'monitor': 'valid_loss_best', 'f_params': 'model_{last_epoch[epoch]}.pt', 'f_optimizer': 'optimizer.pt', 'f_criterion': 'criterion.pt', 'f_history': 'history.json', 'f_pickle': None, 'fn_prefix': '', 'dirname': 'checkpoint', 'load_best': True, 'event_name': 'event_cp'}, 'LogBestEpoch': {}, 'ComparisonTensorBoard': {'logdir': 'tensorboard_logs', 'comparison_list': ['loss']}}, 'predict_nonlinearity': 'auto', 'warm_start': False, 'verbose': 1, 'device': 'cpu', 'data_paths_train': [{'data': ['EtOH_DB_V3_2_9499.csv']}], 'chips_train': ['UUT1', 'UUT2'], 'gases_train': ['FinalConcEtOH'], 'minibatch_size_train': 16, 'minibatch_step_train': 1, 'pre_processing_train': [{'name': 'SkipData', 'percentage': 0}, {'name': 'LimitOfDetection', 'gases': ['FinalConcEtOH'], 'lod': [0.5]}], 'input_dim': [4, 16], 'conv_map': [8, 64], 'conv_kernel': 3, 'pool_kernel': 2, 'mlp_hidden_dims': [100, 50], 'output_dim': 1, 'use_softmax': False, 'conv_norm': 'batch', 'pp_conv_norm': 'instance', 'mlp_norm': 'batch'}, 'device': 'cpu'}
[2024-07-09 10:25:01,014][root][DEBUG] - 
[2024-07-09 10:25:01,014][root][DEBUG] - Loading data from {'data': ['EtOH_DB_V3_2_9499.csv']}.
[2024-07-09 10:25:01,046][root][DEBUG] - Shape of the dataframe (9499, 19).
[2024-07-09 10:25:01,109][root][DEBUG] - 
       Unnamed: 0.1    Unnamed: 0  Temperature  Humidity Sensor     UUT1_I_S1  \
count  9.499000e+03  9.499000e+03  9499.000000      9499.000000  9.499000e+03   
mean   1.444749e+06  1.444749e+06    25.000523        40.024574  1.011276e-07   
std    2.742269e+03  2.742269e+03     0.012039         0.023221  1.149486e-07   
min    1.440000e+06  1.440000e+06    24.970000        39.965164  2.973958e-09   
25%    1.442374e+06  1.442374e+06    24.990000        40.007141  1.229036e-08   
50%    1.444749e+06  1.444749e+06    25.000000        40.028130  4.858594e-08   
75%    1.447124e+06  1.447124e+06    25.010000        40.040718  1.516875e-07   
max    1.449498e+06  1.449498e+06    25.030000        40.082695  4.409635e-07   

          UUT1_I_S2     UUT1_I_S3     UUT1_I_S4     UUT2_I_S1     UUT2_I_S2  \
count  9.499000e+03  9.499000e+03  9.499000e+03  9.499000e+03  9.499000e+03   
mean   1.830274e-07  9.327376e-08  3.426323e-08  7.479025e-08  1.511867e-07   
std    2.250477e-07  1.162084e-07  4.503214e-08  9.202183e-08  1.972818e-07   
min   -3.125000e-10  2.005208e-09 -2.763021e-09 -3.768229e-09 -7.828125e-09   
25%    1.378255e-08  8.449219e-09  6.757812e-10  3.695313e-09  3.966146e-09   
50%    7.614844e-08  3.627083e-08  1.303906e-08  3.247396e-08  5.677865e-08   
75%    2.707188e-07  1.360599e-07  5.189323e-08  1.159857e-07  2.269622e-07   
max    8.662865e-07  4.557578e-07  1.725599e-07  3.469219e-07  7.537526e-07   

          UUT2_I_S3     UUT2_I_S4     UUT3_I_S1     UUT3_I_S2     UUT3_I_S3  \
count  9.499000e+03  9.499000e+03  9.499000e+03  9.499000e+03  9.499000e+03   
mean   8.392457e-08  3.382406e-08  1.035819e-07  1.878249e-07  8.816123e-08   
std    9.975253e-08  4.480383e-08  1.202894e-07  2.395175e-07  1.191887e-07   
min    6.559896e-09 -3.656250e-09  1.039063e-09 -6.234375e-09 -4.986979e-09   
25%    1.174219e-08  2.682292e-10  1.081250e-08  8.494792e-09  1.393229e-09   
50%    3.438281e-08  1.276302e-08  4.856250e-08  7.385156e-08  2.929427e-08   
75%    1.204870e-07  5.234115e-08  1.562096e-07  2.836849e-07  1.329310e-07   
max    3.977057e-07  1.701615e-07  4.602422e-07  9.234349e-07  4.622969e-07   

          UUT3_I_S4  FinalConcAcetone  FinalConcCO  FinalConcEtOH  
count  9.499000e+03       9499.000000  9499.000000    9499.000000  
mean   2.788424e-08          7.560121     9.357608      22.884470  
std    4.374407e-08          0.907630     0.842661       1.809354  
min   -7.531250e-09          5.986627     8.221413      19.959396  
25%   -4.479167e-09          7.492557     8.255794      22.968914  
50%    7.020833e-09          7.501021     9.989201      23.001516  
75%    4.452214e-08          7.511189    10.004285      23.028864  
max    1.631693e-07          9.023724    10.036797      26.054622  
[2024-07-09 10:25:01,110][root][DEBUG] - Data skip percentage is zero. No rows will be skipped.
[2024-07-09 10:25:01,110][root][DEBUG] - LOD applied to gases: ['FinalConcEtOH'] with [0.5].
[2024-07-09 10:25:01,112][root][DEBUG] - Shape of the dataframe after pre-processing: (9499, 19).
[2024-07-09 10:25:01,113][root][DEBUG] - Shape of the full dataframe: (9499, 19).
[2024-07-09 10:25:01,114][root][DEBUG] - Size of the available index: torch.Size([18966]).
[2024-07-09 10:25:01,114][root][DEBUG] - Get index for ['FinalConcEtOH'] in ['Unnamed: 0.1', 'Unnamed: 0', 'Temperature', 'Humidity Sensor', 'UUT1_I_S1', 'UUT1_I_S2', 'UUT1_I_S3', 'UUT1_I_S4', 'UUT2_I_S1', 'UUT2_I_S2', 'UUT2_I_S3', 'UUT2_I_S4', 'UUT3_I_S1', 'UUT3_I_S2', 'UUT3_I_S3', 'UUT3_I_S4', 'FinalConcAcetone', 'FinalConcCO', 'FinalConcEtOH']
[2024-07-09 10:25:01,114][root][DEBUG] - Index found: [18]
[2024-07-09 10:25:01,115][root][DEBUG] - Extend data from chip UUT1.
[2024-07-09 10:25:01,115][root][DEBUG] - Get index for ['UUT1'] in ['Unnamed: 0.1', 'Unnamed: 0', 'Temperature', 'Humidity Sensor', 'UUT1_I_S1', 'UUT1_I_S2', 'UUT1_I_S3', 'UUT1_I_S4', 'UUT2_I_S1', 'UUT2_I_S2', 'UUT2_I_S3', 'UUT2_I_S4', 'UUT3_I_S1', 'UUT3_I_S2', 'UUT3_I_S3', 'UUT3_I_S4', 'FinalConcAcetone', 'FinalConcCO', 'FinalConcEtOH']
[2024-07-09 10:25:01,115][root][DEBUG] - Index found: [4, 5, 6, 7]
[2024-07-09 10:25:01,117][root][DEBUG] - Extend data from chip UUT2.
[2024-07-09 10:25:01,118][root][DEBUG] - Get index for ['UUT2'] in ['Unnamed: 0.1', 'Unnamed: 0', 'Temperature', 'Humidity Sensor', 'UUT1_I_S1', 'UUT1_I_S2', 'UUT1_I_S3', 'UUT1_I_S4', 'UUT2_I_S1', 'UUT2_I_S2', 'UUT2_I_S3', 'UUT2_I_S4', 'UUT3_I_S1', 'UUT3_I_S2', 'UUT3_I_S3', 'UUT3_I_S4', 'FinalConcAcetone', 'FinalConcCO', 'FinalConcEtOH']
[2024-07-09 10:25:01,118][root][DEBUG] - Index found: [8, 9, 10, 11]
[2024-07-09 10:25:01,142][root][DEBUG] - Size of features: torch.Size([18998, 4]).
[2024-07-09 10:25:01,157][root][DEBUG] - Size of labels: torch.Size([18998, 1]).
[2024-07-09 10:25:01,159][root][DEBUG] - Shuffled minibatch indices.
[2024-07-09 10:25:05,500][root][INFO] - Execution time of get_datasets: 0:00:04.642716

[2024-07-09 10:25:05,500][root][DEBUG] - Creating TrainAlgorithm with {'config': <nanoz.nzio.TrainConfig object at 0x731c62fee4c0>, 'datasets': {'test': <nanoz.data_preparation.UnfoldRegressionDataset object at 0x731c62f20eb0>, 'train': <nanoz.data_preparation.UnfoldRegressionDataset object at 0x731c62ea3f40>}, 'save_paths': {'output': PosixPath('dev/20240709102500')}}
[2024-07-09 10:25:05,515][matplotlib.pyplot][DEBUG] - Loaded backend tkagg version 8.6.
[2024-07-09 10:25:06,851][root][DEBUG] - Available loss: dict_keys(['MAELoss', 'MSELoss', 'CrossEntropyLoss', 'StandardAELoss', 'SparseAELoss', 'SumOfLoss']).
[2024-07-09 10:25:06,851][root][DEBUG] - Available hyperparameters: dict_keys(['SGD', 'Adam', 'DataLoader', 'Dataset', 'ValidSplit', 'predefined_split', 'Checkpoint', 'TrainEndCheckpoint', 'LoadInitState', 'PrintLog', 'EpochScoring', 'LogBestEpoch', 'ComparisonTensorBoard', 'MAELoss', 'MSELoss', 'CrossEntropyLoss', 'StandardAELoss', 'SparseAELoss', 'SumOfLoss']).
[2024-07-09 10:25:06,851][root][DEBUG] - Hyperparameter criterion set to <class 'torch.nn.modules.loss.MSELoss'>.
[2024-07-09 10:25:06,851][root][DEBUG] - Hyperparameter optimizer set to <class 'torch.optim.adam.Adam'>.
[2024-07-09 10:25:06,852][root][DEBUG] - Hyperparameter iterator_train set to <class 'torch.utils.data.dataloader.DataLoader'>.
[2024-07-09 10:25:06,852][root][DEBUG] - Hyperparameter iterator_valid set to <class 'torch.utils.data.dataloader.DataLoader'>.
[2024-07-09 10:25:06,852][root][DEBUG] - Hyperparameter dataset set to <class 'skorch.dataset.Dataset'>.
[2024-07-09 10:25:06,852][root][DEBUG] - Parameters of predefined_split: test
[2024-07-09 10:25:06,856][root][DEBUG] - Hyperparameter callbacks set to [<skorch.callbacks.training.Checkpoint object at 0x731ca61a34f0>, <nanoz.modeling.LogBestEpoch object at 0x731c5a409790>, <nanoz.modeling.ComparisonTensorBoard object at 0x731c5a3affd0>].
[2024-07-09 10:25:06,856][root][DEBUG] - Available module: ['MLP', 'CNN1D', 'CNN2D', 'RNN', 'CRNN1D', 'CRNN2D'].
[2024-07-09 10:25:06,861][root][DEBUG] - Module CNN1D set to CNN1D(
  (layers): Sequential(
    (0): Conv1DBlock(
      (layers): Sequential(
        (0): InstanceNorm1d(4, eps=1e-18, momentum=0.1, affine=False, track_running_stats=False)
        (1): Conv1d(4, 32, kernel_size=(3,), stride=(1,), padding=(1,), groups=4)
        (2): ReLU()
        (3): BatchNorm1d(32, eps=1e-18, momentum=0.1, affine=True, track_running_stats=True)
        (4): MaxPool1d(kernel_size=2, stride=2, padding=0, dilation=1, ceil_mode=False)
        (5): Conv1d(32, 256, kernel_size=(3,), stride=(1,), padding=(1,), groups=4)
        (6): ReLU()
        (7): BatchNorm1d(256, eps=1e-18, momentum=0.1, affine=True, track_running_stats=True)
        (8): MaxPool1d(kernel_size=2, stride=2, padding=0, dilation=1, ceil_mode=False)
      )
    )
    (1): MLP(
      (layers): Sequential(
        (0): Flatten(start_dim=1, end_dim=-1)
        (1): Linear(in_features=1024, out_features=100, bias=True)
        (2): ReLU()
        (3): BatchNorm1d(100, eps=1e-18, momentum=0.1, affine=True, track_running_stats=True)
        (4): Linear(in_features=100, out_features=50, bias=True)
        (5): ReLU()
        (6): BatchNorm1d(50, eps=1e-18, momentum=0.1, affine=True, track_running_stats=True)
        (7): Linear(in_features=50, out_features=1, bias=True)
      )
    )
  )
) with {'input_dim': [4, 16], 'conv_map': [8, 64], 'conv_kernel': 3, 'pool_kernel': 2, 'mlp_hidden_dims': [100, 50], 'output_dim': 1, 'use_softmax': False, 'conv_norm': 'batch', 'pp_conv_norm': 'instance', 'mlp_norm': 'batch'} parameters.
[2024-07-09 10:25:06,862][root][DEBUG] - Available algorithms: ['ETR', 'HGBR', 'SGDR', 'SVR', 'NNR', 'NNC'].
[2024-07-09 10:25:43,966][root][DEBUG] - Algorithm NNR set to <class 'skorch.regressor.NeuralNetRegressor'>[uninitialized](
  module=CNN1D(
    (layers): Sequential(
      (0): Conv1DBlock(
        (layers): Sequential(
          (0): InstanceNorm1d(4, eps=1e-18, momentum=0.1, affine=False, track_running_stats=False)
          (1): Conv1d(4, 32, kernel_size=(3,), stride=(1,), padding=(1,), groups=4)
          (2): ReLU()
          (3): BatchNorm1d(32, eps=1e-18, momentum=0.1, affine=True, track_running_stats=True)
          (4): MaxPool1d(kernel_size=2, stride=2, padding=0, dilation=1, ceil_mode=False)
          (5): Conv1d(32, 256, kernel_size=(3,), stride=(1,), padding=(1,), groups=4)
          (6): ReLU()
          (7): BatchNorm1d(256, eps=1e-18, momentum=0.1, affine=True, track_running_stats=True)
          (8): MaxPool1d(kernel_size=2, stride=2, padding=0, dilation=1, ceil_mode=False)
        )
      )
      (1): MLP(
        (layers): Sequential(
          (0): Flatten(start_dim=1, end_dim=-1)
          (1): Linear(in_features=1024, out_features=100, bias=True)
          (2): ReLU()
          (3): BatchNorm1d(100, eps=1e-18, momentum=0.1, affine=True, track_running_stats=True)
          (4): Linear(in_features=100, out_features=50, bias=True)
          (5): ReLU()
          (6): BatchNorm1d(50, eps=1e-18, momentum=0.1, affine=True, track_running_stats=True)
          (7): Linear(in_features=50, out_features=1, bias=True)
        )
      )
    )
  ),
) with {'module': CNN1D(
  (layers): Sequential(
    (0): Conv1DBlock(
      (layers): Sequential(
        (0): InstanceNorm1d(4, eps=1e-18, momentum=0.1, affine=False, track_running_stats=False)
        (1): Conv1d(4, 32, kernel_size=(3,), stride=(1,), padding=(1,), groups=4)
        (2): ReLU()
        (3): BatchNorm1d(32, eps=1e-18, momentum=0.1, affine=True, track_running_stats=True)
        (4): MaxPool1d(kernel_size=2, stride=2, padding=0, dilation=1, ceil_mode=False)
        (5): Conv1d(32, 256, kernel_size=(3,), stride=(1,), padding=(1,), groups=4)
        (6): ReLU()
        (7): BatchNorm1d(256, eps=1e-18, momentum=0.1, affine=True, track_running_stats=True)
        (8): MaxPool1d(kernel_size=2, stride=2, padding=0, dilation=1, ceil_mode=False)
      )
    )
    (1): MLP(
      (layers): Sequential(
        (0): Flatten(start_dim=1, end_dim=-1)
        (1): Linear(in_features=1024, out_features=100, bias=True)
        (2): ReLU()
        (3): BatchNorm1d(100, eps=1e-18, momentum=0.1, affine=True, track_running_stats=True)
        (4): Linear(in_features=100, out_features=50, bias=True)
        (5): ReLU()
        (6): BatchNorm1d(50, eps=1e-18, momentum=0.1, affine=True, track_running_stats=True)
        (7): Linear(in_features=50, out_features=1, bias=True)
      )
    )
  )
), 'criterion': <class 'torch.nn.modules.loss.MSELoss'>, 'optimizer': <class 'torch.optim.adam.Adam'>, 'lr': 1e-06, 'max_epochs': 2, 'batch_size': 32, 'iterator_train': <class 'torch.utils.data.dataloader.DataLoader'>, 'iterator_valid': <class 'torch.utils.data.dataloader.DataLoader'>, 'dataset': <class 'skorch.dataset.Dataset'>, 'train_split': None, 'iterator_train__shuffle': True, 'iterator_valid__shuffle': False, 'callbacks': [<skorch.callbacks.training.Checkpoint object at 0x731ca61a34f0>, <nanoz.modeling.LogBestEpoch object at 0x731c5a409790>, <nanoz.modeling.ComparisonTensorBoard object at 0x731c5a3affd0>], 'predict_nonlinearity': 'auto', 'warm_start': False, 'verbose': 1, 'device': 'cpu'} hyperparameters.
[2024-07-09 10:26:57,648][root][DEBUG] - Available module: ['MLP', 'CNN1D', 'CNN2D', 'RNN', 'CRNN1D', 'CRNN2D'].
