[2024-07-03 09:30:56,421][root][DEBUG] - /home/iheb/Documents/project/project_algoz_pfe/config/config.yaml copied into dev/20240703093056/io.json.
[2024-07-03 09:30:56,422][root][DEBUG] - Device assigned: cpu
[2024-07-03 09:30:56,422][root][INFO] - Algoz version 2.21.1
[2024-07-03 09:30:56,422][root][INFO] - Execution started at 2024-07-03 09:30:56
[2024-07-03 09:30:56,422][root][INFO] - Results directory created at: dev/20240703093056
[2024-07-03 09:30:56,423][root][INFO] - Mode: train
[2024-07-03 09:30:56,423][root][INFO] - Training dataset: [{'data': 'EtOH_DB_V3_2_9499.csv'}]
[2024-07-03 09:30:56,423][root][INFO] - Validation dataset: [{'data': 'EtOH_DB_V3_2_random.csv'}]
[2024-07-03 09:30:56,424][root][INFO] - Algorithm: NNR
[2024-07-03 09:30:56,424][root][INFO] - Module: {'input_dim': [4, 16], 'conv_map': [8, 64], 'conv_kernel': 3, 'pool_kernel': 2, 'mlp_hidden_dims': [100, 50], 'output_dim': 1, 'use_softmax': False, 'conv_norm': 'batch', 'pp_conv_norm': 'instance', 'mlp_norm': 'batch'}
[2024-07-03 09:30:56,424][root][INFO] - Device: cpu
[2024-07-03 09:30:56,424][root][INFO] - Execution time of initialization: 0:00:00.004684

[2024-07-03 09:30:56,425][root][DEBUG] - Creating UnfoldRegressionDataset with {'config_data': {'data_paths': [{'data': 'EtOH_DB_V3_2_random.csv'}], 'chips': ['UUT1'], 'gases': ['FinalConcEtOH'], 'minibatch_size': 16, 'minibatch_step': 1, 'pre_processing': [{'name': 'SkipData', 'percentage': 0}, {'name': 'LimitOfDetection', 'gases': ['FinalConcEtOH'], 'lod': [0.5]}], 'transform': {'x': [{'name': 'Transpose'}]}}, 'device': 'cpu'}
[2024-07-03 09:30:56,441][matplotlib.pyplot][DEBUG] - Loaded backend tkagg version 8.6.
[2024-07-03 09:31:00,109][root][DEBUG] - 
[2024-07-03 09:31:00,309][root][DEBUG] - Loading data from {'data': 'EtOH_DB_V3_2_random.csv'}.
[2024-07-03 09:31:01,121][root][DEBUG] - Shape of the dataframe (6834, 19).
[2024-07-03 09:31:01,759][root][DEBUG] - 
       Unnamed: 0.1    Unnamed: 0  Temperature  Humidity Sensor     UUT1_I_S1  \
count  6.834000e+03  6.834000e+03  6834.000000      6834.000000  6.834000e+03   
mean   1.452916e+06  1.452916e+06    24.999144        39.996522  1.036091e-07   
std    1.972950e+03  1.972950e+03     0.015156         0.018007  1.172804e-07   
min    1.449499e+06  1.449499e+06    24.970000        39.944176  3.166667e-09   
25%    1.451207e+06  1.451207e+06    24.990000        39.986153  1.279427e-08   
50%    1.452916e+06  1.452916e+06    25.000000        39.994545  4.977734e-08   
75%    1.454624e+06  1.454624e+06    25.010000        40.007141  1.734030e-07   
max    1.456332e+06  1.456332e+06    25.050000        40.036522  4.467813e-07   

          UUT1_I_S2     UUT1_I_S3     UUT1_I_S4     UUT2_I_S1     UUT2_I_S2  \
count  6.834000e+03  6.834000e+03  6.834000e+03  6.834000e+03  6.834000e+03   
mean   1.865356e-07  9.418827e-08  3.495670e-08  7.699630e-08  1.542845e-07   
std    2.287594e-07  1.173656e-07  4.557441e-08  9.399988e-08  2.005715e-07   
min   -3.463542e-10  1.929687e-09 -2.585938e-09 -3.585938e-09 -7.734375e-09   
25%    1.443034e-08  8.380208e-09  9.088542e-10  4.154297e-09  4.357422e-09   
50%    7.819922e-08  3.839844e-08  1.359375e-08  3.367318e-08  5.906901e-08   
75%    3.089915e-07  1.468503e-07  5.776237e-08  1.324499e-07  2.576309e-07   
max    8.743073e-07  4.586849e-07  1.737969e-07  3.511016e-07  7.622943e-07   

          UUT2_I_S3     UUT2_I_S4     UUT3_I_S1     UUT3_I_S2     UUT3_I_S3  \
count  6.834000e+03  6.834000e+03  6.834000e+03  6.834000e+03  6.834000e+03   
mean   8.474288e-08  3.481420e-08  1.061883e-07  1.944205e-07  8.930450e-08   
std    1.007776e-07  4.561453e-08  1.229767e-07  2.467093e-07  1.204432e-07   
min    6.492187e-09 -3.427083e-09  1.096354e-09 -6.052083e-09 -4.942708e-09   
25%    1.168815e-08  5.397135e-10  1.126172e-08  9.291667e-09  1.448568e-09   
50%    3.686328e-08  1.390885e-08  4.974740e-08  7.715755e-08  3.219401e-08   
75%    1.276608e-07  5.728451e-08  1.792956e-07  3.192923e-07  1.425814e-07   
max    4.008854e-07  1.724870e-07  4.663047e-07  9.440625e-07  4.636823e-07   

          UUT3_I_S4  FinalConcAcetone  FinalConcCO  FinalConcEtOH  
count  6.834000e+03       6834.000000  6834.000000    6834.000000  
mean   2.843556e-08          5.027788     5.028737      98.700217  
std    4.425454e-08          2.913898     2.881982      58.569664  
min   -7.531250e-09          0.000105     0.000041       0.000000  
25%   -4.378906e-09          2.461317     2.566616      47.840340  
50%    7.622396e-09          5.065963     4.993201      97.649887  
75%    5.000391e-08          7.570300     7.498280     148.931819  
max    1.640313e-07          9.999391     9.999926     199.995192  
[2024-07-03 09:31:02,209][root][DEBUG] - Data skip percentage is zero. No rows will be skipped.
[2024-07-03 09:31:02,219][root][DEBUG] - LOD applied to gases: ['FinalConcEtOH'] with [0.5].
[2024-07-03 09:31:02,976][root][DEBUG] - Shape of the dataframe after pre-processing: (6834, 19).
[2024-07-03 09:31:05,024][root][DEBUG] - Shape of the full dataframe: (6834, 19).
[2024-07-03 09:31:11,682][root][DEBUG] - Size of the available index: torch.Size([6818]).
